SF:/Users/leoniddomahalskyy/Documents/new_metropol/src/config/config.js
FNF:0
FNH:0
BRF:0
BRH:0
DA:1,6
DA:2,6
DA:3,6
DA:4,6
DA:5,6
DA:6,1
DA:7,6
DA:8,6
DA:9,6
DA:10,1
DA:11,6
DA:12,6
DA:13,6
DA:14,6
DA:15,6
DA:16,1
DA:17,6
DA:18,6
DA:19,6
DA:20,6
DA:21,1
LH:21
LF:21
end_of_record
SF:/Users/leoniddomahalskyy/Documents/new_metropol/src/controllers/adminController.js
FN:7,dashboard
FN:101,login
FN:106,loginPost
FN:144,logout
FN:149,showsIndex
FN:154,showsCreate
FN:166,showsUpdate
FN:179,showsDelete
FNDA:0,dashboard
FNDA:0,login
FNDA:5,loginPost
FNDA:0,logout
FNDA:0,showsIndex
FNDA:0,showsCreate
FNDA:0,showsUpdate
FNDA:0,showsDelete
FNF:8
FNH:1
BRDA:111,3,0,3
BRDA:111,3,1,3
BRDA:116,3,2,2
BRDA:119,3,3,1
BRDA:131,3,4,0
BRF:5
BRH:4
DA:1,2
DA:2,2
DA:3,2
DA:4,2
DA:5,1
DA:6,2
DA:7,0
DA:8,0
DA:9,0
DA:10,0
DA:11,0
DA:12,0
DA:13,0
DA:14,1
DA:15,0
DA:16,0
DA:17,0
DA:18,1
DA:19,0
DA:20,0
DA:21,1
DA:22,0
DA:23,0
DA:24,0
DA:25,0
DA:26,0
DA:27,0
DA:28,0
DA:29,0
DA:30,0
DA:31,0
DA:32,0
DA:33,0
DA:34,0
DA:35,0
DA:36,0
DA:37,0
DA:38,1
DA:39,0
DA:40,0
DA:41,0
DA:42,0
DA:43,0
DA:44,0
DA:45,0
DA:46,0
DA:47,0
DA:48,0
DA:49,0
DA:50,0
DA:51,0
DA:52,0
DA:53,0
DA:54,1
DA:55,0
DA:56,0
DA:57,0
DA:58,0
DA:59,1
DA:60,0
DA:61,0
DA:62,0
DA:63,0
DA:64,0
DA:65,0
DA:66,0
DA:67,0
DA:68,1
DA:69,0
DA:70,0
DA:71,0
DA:72,0
DA:73,0
DA:74,0
DA:75,0
DA:76,0
DA:77,0
DA:78,0
DA:79,0
DA:80,0
DA:81,0
DA:82,0
DA:83,0
DA:84,0
DA:85,0
DA:86,0
DA:87,1
DA:88,0
DA:89,0
DA:90,0
DA:91,0
DA:92,0
DA:93,0
DA:94,0
DA:95,0
DA:96,0
DA:97,0
DA:98,0
DA:99,0
DA:100,1
DA:101,0
DA:102,0
DA:103,0
DA:104,0
DA:105,1
DA:106,2
DA:107,7
DA:108,7
DA:109,7
DA:110,1
DA:111,7
DA:112,10
DA:113,10
DA:114,10
DA:115,10
DA:116,10
DA:117,1
DA:118,9
DA:119,7
DA:120,8
DA:121,8
DA:122,8
DA:123,1
DA:124,8
DA:125,8
DA:126,8
DA:127,8
DA:128,8
DA:129,8
DA:130,8
DA:131,8
DA:132,1
DA:133,0
DA:134,0
DA:135,0
DA:136,0
DA:137,1
DA:138,0
DA:139,0
DA:140,1
DA:141,0
DA:142,0
DA:143,1
DA:144,0
DA:145,0
DA:146,0
DA:147,0
DA:148,1
DA:149,0
DA:150,0
DA:151,0
DA:152,0
DA:153,1
DA:154,0
DA:155,0
DA:156,0
DA:157,0
DA:158,0
DA:159,0
DA:160,0
DA:161,0
DA:162,0
DA:163,0
DA:164,0
DA:165,1
DA:166,0
DA:167,0
DA:168,0
DA:169,0
DA:170,0
DA:171,0
DA:172,0
DA:173,0
DA:174,0
DA:175,0
DA:176,0
DA:177,0
DA:178,1
DA:179,0
DA:180,0
DA:181,0
DA:182,0
DA:183,0
DA:184,2
DA:185,1
LH:52
LF:185
end_of_record
SF:/Users/leoniddomahalskyy/Documents/new_metropol/src/controllers/filmController.js
FN:27,createFormDataParams
FN:47,index
FN:57,create
FN:165,update
FN:321,delete
FNDA:3,createFormDataParams
FNDA:2,index
FNDA:5,create
FNDA:3,update
FNDA:2,delete
FNF:5
FNH:5
BRDA:31,1,0,10
BRDA:51,3,0,1
BRDA:62,4,0,0
BRDA:82,4,1,24
BRDA:92,4,2,3
BRDA:99,4,3,2
BRDA:104,4,4,0
BRDA:104,4,5,4
BRDA:104,4,6,0
BRDA:126,4,7,2
BRDA:151,4,8,0
BRDA:168,5,0,1
BRDA:172,5,1,2
BRDA:176,5,2,1
BRDA:187,5,3,0
BRDA:194,5,4,1
BRDA:200,5,5,7
BRDA:204,5,6,6
BRDA:204,5,7,6
BRDA:206,5,8,1
BRDA:206,5,9,0
BRDA:210,5,10,1
BRDA:214,5,11,6
BRDA:218,5,12,1
BRDA:224,5,13,0
BRDA:230,5,14,1
BRDA:235,5,15,0
BRDA:235,5,16,0
BRDA:270,5,17,1
BRDA:287,5,18,0
BRDA:302,5,19,1
BRDA:307,5,20,0
BRDA:324,6,0,1
BRDA:334,6,1,0
BRF:34
BRH:22
DA:1,3
DA:2,3
DA:3,3
DA:4,3
DA:5,1
DA:6,3
DA:7,3
DA:8,3
DA:9,3
DA:10,3
DA:11,3
DA:12,3
DA:13,3
DA:14,3
DA:15,3
DA:16,3
DA:17,3
DA:18,3
DA:19,3
DA:20,1
DA:21,3
DA:22,3
DA:23,3
DA:24,3
DA:25,1
DA:26,1
DA:27,3
DA:28,6
DA:29,1
DA:30,6
DA:31,6
DA:32,16
DA:33,16
DA:34,16
DA:35,16
DA:36,1
DA:37,6
DA:38,0
DA:39,0
DA:40,0
DA:41,0
DA:42,1
DA:43,6
DA:44,3
DA:45,1
DA:46,3
DA:47,3
DA:48,5
DA:49,5
DA:50,5
DA:51,5
DA:52,6
DA:53,6
DA:54,6
DA:55,3
DA:56,1
DA:57,3
DA:58,8
DA:59,8
DA:60,8
DA:61,8
DA:62,0
DA:63,0
DA:64,0
DA:65,0
DA:66,0
DA:67,0
DA:68,0
DA:69,0
DA:70,0
DA:71,0
DA:72,0
DA:73,0
DA:74,0
DA:75,0
DA:76,0
DA:77,1
DA:78,8
DA:79,1
DA:80,8
DA:81,8
DA:82,8
DA:83,32
DA:84,32
DA:85,32
DA:86,32
DA:87,1
DA:88,8
DA:89,8
DA:90,8
DA:91,8
DA:92,8
DA:93,11
DA:94,11
DA:95,11
DA:96,11
DA:97,11
DA:98,11
DA:99,11
DA:100,1
DA:101,13
DA:102,1
DA:103,13
DA:104,0
DA:105,0
DA:106,0
DA:107,0
DA:108,0
DA:109,0
DA:110,0
DA:111,0
DA:112,1
DA:113,0
DA:114,0
DA:115,0
DA:116,0
DA:117,1
DA:118,0
DA:119,0
DA:120,0
DA:121,0
DA:122,0
DA:123,0
DA:124,0
DA:125,0
DA:126,0
DA:127,1
DA:128,14
DA:129,14
DA:130,14
DA:131,14
DA:132,14
DA:133,14
DA:134,14
DA:135,14
DA:136,14
DA:137,14
DA:138,14
DA:139,14
DA:140,14
DA:141,14
DA:142,14
DA:143,14
DA:144,14
DA:145,1
DA:146,14
DA:147,14
DA:148,14
DA:149,14
DA:150,14
DA:151,0
DA:152,0
DA:153,0
DA:154,0
DA:155,0
DA:156,0
DA:157,0
DA:158,0
DA:159,0
DA:160,0
DA:161,0
DA:162,0
DA:163,3
DA:164,1
DA:165,3
DA:166,6
DA:167,6
DA:168,6
DA:169,7
DA:170,7
DA:171,7
DA:172,7
DA:173,1
DA:174,8
DA:175,8
DA:176,6
DA:177,7
DA:178,7
DA:179,7
DA:180,7
DA:181,7
DA:182,1
DA:183,7
DA:184,7
DA:185,7
DA:186,7
DA:187,0
DA:188,0
DA:189,0
DA:190,0
DA:191,0
DA:192,0
DA:193,0
DA:194,0
DA:195,1
DA:196,7
DA:197,1
DA:198,7
DA:199,7
DA:200,6
DA:201,13
DA:202,1
DA:203,13
DA:204,13
DA:205,19
DA:206,0
DA:207,0
DA:208,0
DA:209,0
DA:210,13
DA:211,1
DA:212,7
DA:213,7
DA:214,6
DA:215,12
DA:216,12
DA:217,12
DA:218,12
DA:219,1
DA:220,7
DA:221,7
DA:222,7
DA:223,7
DA:224,0
DA:225,0
DA:226,0
DA:227,0
DA:228,0
DA:229,0
DA:230,0
DA:231,1
DA:232,7
DA:233,1
DA:234,7
DA:235,0
DA:236,0
DA:237,0
DA:238,0
DA:239,0
DA:240,0
DA:241,0
DA:242,0
DA:243,1
DA:244,0
DA:245,0
DA:246,0
DA:247,0
DA:248,1
DA:249,0
DA:250,0
DA:251,0
DA:252,0
DA:253,0
DA:254,0
DA:255,0
DA:256,0
DA:257,0
DA:258,0
DA:259,0
DA:260,0
DA:261,1
DA:262,0
DA:263,0
DA:264,0
DA:265,0
DA:266,0
DA:267,0
DA:268,0
DA:269,0
DA:270,0
DA:271,7
DA:272,7
DA:273,7
DA:274,7
DA:275,7
DA:276,7
DA:277,1
DA:278,7
DA:279,7
DA:280,1
DA:281,7
DA:282,7
DA:283,7
DA:284,7
DA:285,1
DA:286,7
DA:287,0
DA:288,0
DA:289,0
DA:290,0
DA:291,0
DA:292,0
DA:293,0
DA:294,0
DA:295,0
DA:296,0
DA:297,0
DA:298,0
DA:299,0
DA:300,0
DA:301,0
DA:302,0
DA:303,1
DA:304,7
DA:305,7
DA:306,7
DA:307,0
DA:308,0
DA:309,0
DA:310,0
DA:311,0
DA:312,0
DA:313,0
DA:314,0
DA:315,0
DA:316,0
DA:317,0
DA:318,0
DA:319,3
DA:320,1
DA:321,3
DA:322,5
DA:323,5
DA:324,5
DA:325,6
DA:326,6
DA:327,6
DA:328,6
DA:329,1
DA:330,6
DA:331,6
DA:332,6
DA:333,6
DA:334,0
DA:335,0
DA:336,0
DA:337,0
DA:338,0
DA:339,3
DA:340,3
DA:341,1
LH:204
LF:341
end_of_record
SF:/Users/leoniddomahalskyy/Documents/new_metropol/src/controllers/siteController.js
FN:7,home
FN:21,programm
FN:43,filmDetail
FN:57,about
FN:60,prices
FN:63,imprint
FN:66,privacy
FN:69,kolophon
FN:72,timeline
FN:75,documentation
FNDA:1,home
FNDA:1,programm
FNDA:2,filmDetail
FNDA:1,about
FNDA:1,prices
FNDA:1,imprint
FNDA:1,privacy
FNDA:1,kolophon
FNDA:1,timeline
FNDA:1,documentation
FNF:10
FNH:10
BRDA:26,2,0,7
BRDA:47,3,0,1
BRF:2
BRH:2
DA:1,2
DA:2,2
DA:3,2
DA:4,2
DA:5,1
DA:6,2
DA:7,2
DA:8,3
DA:9,3
DA:10,3
DA:11,3
DA:12,3
DA:13,3
DA:14,3
DA:15,3
DA:16,3
DA:17,3
DA:18,3
DA:19,2
DA:20,1
DA:21,2
DA:22,3
DA:23,3
DA:24,3
DA:25,1
DA:26,3
DA:27,10
DA:28,10
DA:29,10
DA:30,10
DA:31,10
DA:32,10
DA:33,10
DA:34,10
DA:35,1
DA:36,10
DA:37,10
DA:38,10
DA:39,1
DA:40,3
DA:41,2
DA:42,1
DA:43,2
DA:44,4
DA:45,4
DA:46,1
DA:47,4
DA:48,5
DA:49,5
DA:50,5
DA:51,5
DA:52,5
DA:53,1
DA:54,5
DA:55,2
DA:56,1
DA:57,2
DA:58,3
DA:59,2
DA:60,2
DA:61,3
DA:62,2
DA:63,2
DA:64,3
DA:65,2
DA:66,2
DA:67,3
DA:68,2
DA:69,2
DA:70,3
DA:71,2
DA:72,2
DA:73,3
DA:74,2
DA:75,2
DA:76,3
DA:77,2
DA:78,2
DA:79,1
LH:79
LF:79
end_of_record
SF:/Users/leoniddomahalskyy/Documents/new_metropol/src/db/database.js
FN:7,SecureDatabase
FN:12,setupPragmas
FN:20,validateUserInput
FN:28,validateQueryStructure
FN:38,validateSchemaOperation
FN:47,safeQuery
FN:60,safeQueryEntries
FN:74,internalQuery
FN:78,internalQueryEntries
FN:83,schemaQuery
FN:93,transaction
FN:105,get lastInsertId
FN:109,close
FNDA:6,SecureDatabase
FNDA:6,setupPragmas
FNDA:2,validateUserInput
FNDA:2,validateQueryStructure
FNDA:0,validateSchemaOperation
FNDA:0,safeQuery
FNDA:2,safeQueryEntries
FNDA:0,internalQuery
FNDA:0,internalQueryEntries
FNDA:0,schemaQuery
FNDA:0,transaction
FNDA:0,get lastInsertId
FNDA:0,close
FNF:13
FNH:5
BRDA:22,3,0,0
BRDA:32,4,0,0
BRDA:67,7,0,0
BRF:3
BRH:0
DA:1,1
DA:2,6
DA:3,6
DA:4,6
DA:5,1
DA:6,6
DA:7,6
DA:8,12
DA:9,12
DA:10,12
DA:11,1
DA:12,6
DA:13,12
DA:14,12
DA:15,12
DA:16,12
DA:17,12
DA:18,12
DA:19,1
DA:20,6
DA:21,8
DA:22,0
DA:23,0
DA:24,0
DA:25,8
DA:26,8
DA:27,1
DA:28,6
DA:29,8
DA:30,8
DA:31,1
DA:32,0
DA:33,0
DA:34,0
DA:35,8
DA:36,1
DA:37,6
DA:38,0
DA:39,0
DA:40,0
DA:41,1
DA:42,0
DA:43,0
DA:44,0
DA:45,0
DA:46,1
DA:47,0
DA:48,0
DA:49,0
DA:50,0
DA:51,0
DA:52,0
DA:53,0
DA:54,0
DA:55,0
DA:56,0
DA:57,0
DA:58,0
DA:59,1
DA:60,6
DA:61,8
DA:62,8
DA:63,8
DA:64,8
DA:65,8
DA:66,8
DA:67,0
DA:68,0
DA:69,0
DA:70,0
DA:71,8
DA:72,1
DA:73,6
DA:74,0
DA:75,0
DA:76,0
DA:77,1
DA:78,0
DA:79,0
DA:80,0
DA:81,1
DA:82,6
DA:83,0
DA:84,0
DA:85,0
DA:86,0
DA:87,0
DA:88,0
DA:89,0
DA:90,0
DA:91,0
DA:92,1
DA:93,0
DA:94,0
DA:95,0
DA:96,0
DA:97,0
DA:98,0
DA:99,0
DA:100,0
DA:101,0
DA:102,0
DA:103,0
DA:104,1
DA:105,0
DA:106,0
DA:107,0
DA:108,1
DA:109,0
DA:110,0
DA:111,0
DA:112,6
DA:113,1
DA:114,6
DA:115,6
DA:116,1
LH:55
LF:116
end_of_record
SF:/Users/leoniddomahalskyy/Documents/new_metropol/src/middleware/authMiddleware.js
FN:1,adminMiddleware
FNDA:0,adminMiddleware
FNF:1
FNH:0
BRF:0
BRH:0
DA:1,0
DA:2,0
DA:3,0
DA:4,0
DA:5,0
DA:6,0
DA:7,1
DA:8,0
DA:9,0
DA:10,0
DA:11,0
DA:12,1
DA:13,0
DA:14,0
DA:15,0
DA:16,0
DA:17,0
DA:18,0
DA:19,0
DA:20,1
DA:21,0
DA:22,0
DA:23,0
DA:24,0
DA:25,0
DA:26,1
DA:27,0
DA:28,0
DA:29,0
DA:30,1
LH:5
LF:30
end_of_record
SF:/Users/leoniddomahalskyy/Documents/new_metropol/src/middleware/staticFileMiddleware.js
FN:3,staticFileMiddleware
FN:37,servePublicFiles
FNDA:0,staticFileMiddleware
FNDA:0,servePublicFiles
FNF:2
FNH:0
BRF:0
BRH:0
DA:1,1
DA:2,1
DA:3,0
DA:4,0
DA:5,1
DA:6,0
DA:7,0
DA:8,0
DA:9,0
DA:10,0
DA:11,0
DA:12,0
DA:13,0
DA:14,1
DA:15,0
DA:16,0
DA:17,0
DA:18,0
DA:19,0
DA:20,0
DA:21,0
DA:22,0
DA:23,0
DA:24,0
DA:25,0
DA:26,1
DA:27,0
DA:28,0
DA:29,0
DA:30,0
DA:31,0
DA:32,0
DA:33,0
DA:34,0
DA:35,0
DA:36,1
DA:37,0
DA:38,0
DA:39,0
DA:40,1
LH:7
LF:40
end_of_record
SF:/Users/leoniddomahalskyy/Documents/new_metropol/src/models/filmModel.js
FN:5,getDb
FN:8,getAllFilms
FN:11,getFilmById
FN:20,createFilm
FN:46,updateFilm
FN:59,deleteFilm
FNDA:5489,getDb
FNDA:2,getAllFilms
FNDA:9,getFilmById
FNDA:1156,createFilm
FNDA:3,updateFilm
FNDA:1002,deleteFilm
FNF:6
FNH:6
BRDA:5,1,0,0
BRDA:15,3,0,6
BRDA:18,3,1,3
BRDA:43,5,0,0
BRDA:50,7,0,0
BRF:5
BRH:2
DA:1,6
DA:2,6
DA:3,1
DA:4,1
DA:5,0
DA:6,1
DA:7,6
DA:8,6
DA:9,8
DA:10,6
DA:11,6
DA:12,15
DA:13,15
DA:14,15
DA:15,15
DA:16,21
DA:17,21
DA:18,15
DA:19,6
DA:20,6
DA:21,1162
DA:22,1162
DA:23,1162
DA:24,1162
DA:25,1162
DA:26,1162
DA:27,1162
DA:28,1162
DA:29,1162
DA:30,1
DA:31,1162
DA:32,2318
DA:33,2318
DA:34,2318
DA:35,2318
DA:36,1
DA:37,2318
DA:38,2318
DA:39,2318
DA:40,2318
DA:41,2318
DA:42,1
DA:43,0
DA:44,1162
DA:45,6
DA:46,6
DA:47,9
DA:48,12
DA:49,12
DA:50,0
DA:51,12
DA:52,12
DA:53,12
DA:54,12
DA:55,12
DA:56,12
DA:57,9
DA:58,6
DA:59,6
DA:60,1008
DA:61,2010
DA:62,2010
DA:63,1008
DA:64,6
DA:65,6
DA:66,1
LH:63
LF:66
end_of_record
SF:/Users/leoniddomahalskyy/Documents/new_metropol/src/models/showModel.js
FN:4,getDb
FN:7,getAllShows
FN:15,getShowsByDate
FN:27,getShowsByFilmId
FN:35,getShowById
FN:41,createShow
FN:49,updateShow
FN:62,deleteShow
FN:66,deleteShowsByFilmId
FNDA:3096,getDb
FNDA:0,getAllShows
FNDA:12,getShowsByDate
FNDA:16,getShowsByFilmId
FNDA:2,getShowById
FNDA:1030,createShow
FNDA:1,updateShow
FNDA:2,deleteShow
FNDA:1002,deleteShowsByFilmId
FNF:9
FNH:8
BRDA:4,1,0,0
BRDA:39,5,0,0
BRDA:53,8,0,0
BRF:3
BRH:0
DA:1,6
DA:2,1
DA:3,1
DA:4,0
DA:5,1
DA:6,6
DA:7,0
DA:8,0
DA:9,0
DA:10,0
DA:11,0
DA:12,0
DA:13,0
DA:14,0
DA:15,6
DA:16,18
DA:17,18
DA:18,18
DA:19,18
DA:20,18
DA:21,18
DA:22,18
DA:23,18
DA:24,18
DA:25,18
DA:26,6
DA:27,6
DA:28,22
DA:29,22
DA:30,22
DA:31,22
DA:32,22
DA:33,22
DA:34,6
DA:35,6
DA:36,8
DA:37,8
DA:38,8
DA:39,0
DA:40,6
DA:41,6
DA:42,1036
DA:43,1036
DA:44,1036
DA:45,1036
DA:46,1036
DA:47,1036
DA:48,6
DA:49,6
DA:50,7
DA:51,8
DA:52,8
DA:53,0
DA:54,8
DA:55,8
DA:56,8
DA:57,8
DA:58,8
DA:59,8
DA:60,7
DA:61,6
DA:62,6
DA:63,8
DA:64,6
DA:65,1
DA:66,6
DA:67,1008
DA:68,6
DA:69,6
DA:70,1
LH:59
LF:70
end_of_record
SF:/Users/leoniddomahalskyy/Documents/new_metropol/src/models/userModel.js
FN:5,getUserByUsername
FN:13,createUser
FN:22,verifyPassword
FNDA:2,getUserByUsername
FNDA:0,createUser
FNDA:1,verifyPassword
FNF:3
FNH:2
BRDA:10,1,0,1
BRDA:10,1,1,1
BRF:2
BRH:2
DA:1,2
DA:2,2
DA:3,1
DA:4,2
DA:5,2
DA:6,4
DA:7,4
DA:8,4
DA:9,4
DA:10,4
DA:11,2
DA:12,1
DA:13,0
DA:14,0
DA:15,0
DA:16,0
DA:17,0
DA:18,0
DA:19,0
DA:20,0
DA:21,1
DA:22,2
DA:23,3
DA:24,2
DA:25,2
DA:26,1
LH:18
LF:26
end_of_record
SF:/Users/leoniddomahalskyy/Documents/new_metropol/src/routes/adminRoutes.js
FNF:0
FNH:0
BRF:0
BRH:0
DA:1,1
DA:2,1
DA:3,1
DA:4,1
DA:5,1
DA:6,1
DA:7,1
DA:8,1
DA:9,1
DA:10,1
DA:11,1
DA:12,1
DA:13,1
DA:14,1
DA:15,1
DA:16,1
DA:17,1
DA:18,1
DA:19,1
DA:20,1
DA:21,1
DA:22,1
LH:22
LF:22
end_of_record
SF:/Users/leoniddomahalskyy/Documents/new_metropol/src/routes/siteRoutes.js
FNF:0
FNH:0
BRF:0
BRH:0
DA:1,1
DA:2,1
DA:3,1
DA:4,1
DA:5,1
DA:6,1
DA:7,1
DA:8,1
DA:9,1
DA:10,1
DA:11,1
DA:12,1
DA:13,1
DA:14,1
DA:15,1
DA:16,1
LH:16
LF:16
end_of_record
SF:/Users/leoniddomahalskyy/Documents/new_metropol/src/services/render.js
FN:9,render
FN:20,sanitizeContext
FNDA:10,render
FNDA:46,sanitizeContext
FNF:2
FNH:2
BRDA:14,1,0,0
BRDA:21,2,0,14
BRDA:23,2,1,0
BRDA:27,2,2,32
BRDA:29,2,3,12
BRDA:31,2,4,20
BRDA:33,2,5,17
BRDA:33,2,6,13
BRDA:35,2,7,28
BRDA:39,2,8,7
BRF:10
BRH:8
DA:1,3
DA:2,3
DA:3,1
DA:4,3
DA:5,3
DA:6,3
DA:7,3
DA:8,1
DA:9,3
DA:10,13
DA:11,13
DA:12,13
DA:13,13
DA:14,0
DA:15,0
DA:16,0
DA:17,0
DA:18,13
DA:19,1
DA:20,49
DA:21,49
DA:22,63
DA:23,0
DA:24,0
DA:25,0
DA:26,63
DA:27,63
DA:28,1
DA:29,49
DA:30,61
DA:31,61
DA:32,1
DA:33,49
DA:34,62
DA:35,62
DA:36,90
DA:37,90
DA:38,62
DA:39,62
DA:40,1
DA:41,56
DA:42,49
DA:43,1
LH:36
LF:43
end_of_record
SF:/Users/leoniddomahalskyy/Documents/new_metropol/src/utils/formDataParser.js
FN:6,parseFormData
FN:31,extractBoundary
FN:36,parseMultipartBytes
FN:100,splitBytesByBoundary
FN:132,findBytesInBytes
FN:146,findHeaderEnd
FN:151,parseUrlEncodedData
FN:166,processField
FNDA:6,parseFormData
FNDA:0,extractBoundary
FNDA:0,parseMultipartBytes
FNDA:0,splitBytesByBoundary
FNDA:0,findBytesInBytes
FNDA:0,findHeaderEnd
FNDA:6,parseUrlEncodedData
FNDA:34,processField
FNF:8
FNH:3
BRDA:10,1,0,0
BRDA:15,1,1,0
BRDA:155,7,0,34
BRDA:162,8,0,0
BRDA:167,9,0,4
BRDA:172,9,1,2
BRDA:173,9,2,0
BRDA:175,9,3,30
BRDA:176,9,4,0
BRF:9
BRH:4
DA:1,1
DA:2,1
DA:3,1
DA:4,1
DA:5,3
DA:6,3
DA:7,9
DA:8,9
DA:9,1
DA:10,0
DA:11,9
DA:12,9
DA:13,9
DA:14,9
DA:15,9
DA:16,1
DA:17,0
DA:18,0
DA:19,1
DA:20,0
DA:21,0
DA:22,0
DA:23,0
DA:24,1
DA:25,0
DA:26,0
DA:27,0
DA:28,0
DA:29,9
DA:30,1
DA:31,0
DA:32,0
DA:33,0
DA:34,0
DA:35,1
DA:36,0
DA:37,0
DA:38,0
DA:39,0
DA:40,1
DA:41,0
DA:42,0
DA:43,1
DA:44,0
DA:45,0
DA:46,0
DA:47,1
DA:48,0
DA:49,0
DA:50,0
DA:51,1
DA:52,0
DA:53,0
DA:54,0
DA:55,1
DA:56,0
DA:57,0
DA:58,1
DA:59,0
DA:60,0
DA:61,1
DA:62,0
DA:63,0
DA:64,0
DA:65,0
DA:66,0
DA:67,1
DA:68,0
DA:69,0
DA:70,0
DA:71,0
DA:72,0
DA:73,1
DA:74,0
DA:75,0
DA:76,0
DA:77,0
DA:78,0
DA:79,0
DA:80,0
DA:81,0
DA:82,0
DA:83,0
DA:84,0
DA:85,0
DA:86,0
DA:87,0
DA:88,0
DA:89,0
DA:90,0
DA:91,0
DA:92,1
DA:93,0
DA:94,0
DA:95,0
DA:96,0
DA:97,0
DA:98,0
DA:99,1
DA:100,0
DA:101,0
DA:102,0
DA:103,1
DA:104,0
DA:105,0
DA:106,0
DA:107,0
DA:108,0
DA:109,0
DA:110,0
DA:111,0
DA:112,1
DA:113,0
DA:114,0
DA:115,0
DA:116,1
DA:117,0
DA:118,1
DA:119,0
DA:120,0
DA:121,0
DA:122,0
DA:123,0
DA:124,0
DA:125,0
DA:126,0
DA:127,0
DA:128,1
DA:129,0
DA:130,0
DA:131,1
DA:132,0
DA:133,0
DA:134,0
DA:135,0
DA:136,0
DA:137,0
DA:138,0
DA:139,0
DA:140,0
DA:141,0
DA:142,0
DA:143,0
DA:144,0
DA:145,1
DA:146,0
DA:147,0
DA:148,0
DA:149,0
DA:150,1
DA:151,3
DA:152,9
DA:153,9
DA:154,1
DA:155,9
DA:156,43
DA:157,43
DA:158,1
DA:159,9
DA:160,9
DA:161,9
DA:162,0
DA:163,9
DA:164,9
DA:165,1
DA:166,3
DA:167,37
DA:168,41
DA:169,41
DA:170,41
DA:171,41
DA:172,41
DA:173,0
DA:174,41
DA:175,37
DA:176,0
DA:177,67
DA:178,37
DA:179,3
DA:180,1
LH:66
LF:180
end_of_record
SF:/Users/leoniddomahalskyy/Documents/new_metropol/src/utils/formatDate.js
FN:1,formatDate
FN:9,getTodayDate
FN:13,getTomorrowDate
FN:19,getDayAfterTomorrowDate
FNDA:20,formatDate
FNDA:3,getTodayDate
FNDA:2,getTomorrowDate
FNDA:2,getDayAfterTomorrowDate
FNF:4
FNH:4
BRF:0
BRH:0
DA:1,3
DA:2,23
DA:3,23
DA:4,23
DA:5,23
DA:6,23
DA:7,23
DA:8,1
DA:9,3
DA:10,6
DA:11,6
DA:12,1
DA:13,3
DA:14,5
DA:15,5
DA:16,5
DA:17,5
DA:18,1
DA:19,3
DA:20,5
DA:21,5
DA:22,5
DA:23,5
DA:24,1
LH:24
LF:24
end_of_record
SF:/Users/leoniddomahalskyy/Documents/new_metropol/src/utils/sanitizer.js
FN:66,translateFieldName
FN:70,escapeHtml
FN:75,sanitizeString
FN:96,sanitizeInteger
FN:117,sanitizeFloat
FN:123,sanitizeEmail
FN:130,sanitizeUrl
FN:141,sanitizeDate
FN:171,sanitizeTime
FN:179,detectSqlInjection
FN:185,detectXss
FN:190,sanitizeFormData
FNDA:70,translateFieldName
FNDA:4,escapeHtml
FNDA:30,sanitizeString
FNDA:27,sanitizeInteger
FNDA:0,sanitizeFloat
FNDA:0,sanitizeEmail
FNDA:0,sanitizeUrl
FNDA:15,sanitizeDate
FNDA:14,sanitizeTime
FNDA:72,detectSqlInjection
FNDA:65,detectXss
FNDA:16,sanitizeFormData
FNF:12
FNH:9
BRDA:67,1,0,0
BRDA:71,2,0,0
BRDA:76,4,0,0
BRDA:89,4,1,210
BRDA:101,6,0,1
BRDA:101,6,1,1
BRDA:101,6,2,26
BRDA:106,6,3,5
BRDA:106,6,4,21
BRDA:109,6,5,1
BRDA:109,6,6,20
BRDA:112,6,7,19
BRDA:112,6,8,2
BRDA:112,6,9,18
BRDA:142,10,0,0
BRDA:145,10,1,11
BRDA:145,10,2,7
BRDA:145,10,3,8
BRDA:148,10,4,2
BRDA:148,10,5,6
BRDA:156,10,6,0
BRDA:156,10,7,6
BRDA:157,10,8,0
BRDA:157,10,9,6
BRDA:158,10,10,0
BRDA:158,10,11,6
BRDA:162,10,12,0
BRDA:162,10,13,0
BRDA:164,10,14,11
BRDA:164,10,15,6
BRDA:166,10,16,2
BRDA:166,10,17,4
BRDA:172,11,0,0
BRDA:176,11,1,5
BRDA:176,11,2,9
BRDA:180,12,0,0
BRDA:186,14,0,0
BRDA:194,16,0,70
BRDA:198,16,1,55
BRDA:198,16,2,45
BRDA:198,16,3,10
BRDA:201,16,4,60
BRDA:203,16,5,7
BRDA:203,16,6,7
BRDA:206,16,7,53
BRDA:208,16,8,4
BRDA:211,16,9,49
BRDA:213,16,10,0
BRDA:216,16,11,49
BRDA:219,16,12,30
BRDA:222,16,13,12
BRDA:224,16,14,0
BRDA:230,16,15,2
BRDA:237,16,16,15
BRDA:243,16,17,3
BRDA:243,16,18,3
BRDA:247,16,19,0
BRDA:253,16,20,0
BRDA:259,16,21,2
BRDA:261,16,22,0
BRDA:261,16,23,0
BRDA:265,16,24,2
BRDA:267,16,25,0
BRDA:267,16,26,0
BRDA:271,16,27,0
BRF:65
BRH:44
DA:1,1
DA:2,7
DA:3,7
DA:4,7
DA:5,7
DA:6,7
DA:7,7
DA:8,7
DA:9,7
DA:10,7
DA:11,7
DA:12,7
DA:13,7
DA:14,1
DA:15,7
DA:16,7
DA:17,7
DA:18,7
DA:19,7
DA:20,7
DA:21,7
DA:22,7
DA:23,7
DA:24,7
DA:25,7
DA:26,1
DA:27,7
DA:28,7
DA:29,7
DA:30,7
DA:31,7
DA:32,7
DA:33,7
DA:34,7
DA:35,7
DA:36,7
DA:37,7
DA:38,7
DA:39,7
DA:40,7
DA:41,7
DA:42,7
DA:43,7
DA:44,7
DA:45,7
DA:46,7
DA:47,7
DA:48,7
DA:49,7
DA:50,7
DA:51,7
DA:52,7
DA:53,1
DA:54,7
DA:55,7
DA:56,7
DA:57,7
DA:58,7
DA:59,7
DA:60,7
DA:61,7
DA:62,7
DA:63,1
DA:64,7
DA:65,7
DA:66,7
DA:67,0
DA:68,7
DA:69,1
DA:70,7
DA:71,0
DA:72,11
DA:73,7
DA:74,1
DA:75,7
DA:76,0
DA:77,1
DA:78,37
DA:79,37
DA:80,37
DA:81,37
DA:82,37
DA:83,37
DA:84,886
DA:85,886
DA:86,37
DA:87,37
DA:88,1
DA:89,37
DA:90,247
DA:91,247
DA:92,1
DA:93,37
DA:94,7
DA:95,1
DA:96,7
DA:97,34
DA:98,34
DA:99,34
DA:100,34
DA:101,34
DA:102,1
DA:103,60
DA:104,60
DA:105,1
DA:106,34
DA:107,1
DA:108,55
DA:109,34
DA:110,1
DA:111,54
DA:112,34
DA:113,1
DA:114,52
DA:115,7
DA:116,1
DA:117,0
DA:118,0
DA:119,0
DA:120,0
DA:121,0
DA:122,1
DA:123,0
DA:124,0
DA:125,0
DA:126,0
DA:127,0
DA:128,0
DA:129,1
DA:130,0
DA:131,0
DA:132,0
DA:133,0
DA:134,0
DA:135,0
DA:136,0
DA:137,0
DA:138,0
DA:139,0
DA:140,1
DA:141,7
DA:142,0
DA:143,22
DA:144,22
DA:145,22
DA:146,1
DA:147,41
DA:148,33
DA:149,1
DA:150,39
DA:151,39
DA:152,39
DA:153,39
DA:154,39
DA:155,1
DA:156,0
DA:157,0
DA:158,0
DA:159,1
DA:160,28
DA:161,28
DA:162,0
DA:163,0
DA:164,0
DA:165,1
DA:166,33
DA:167,1
DA:168,26
DA:169,7
DA:170,1
DA:171,7
DA:172,0
DA:173,21
DA:174,21
DA:175,21
DA:176,21
DA:177,7
DA:178,1
DA:179,7
DA:180,0
DA:181,79
DA:182,79
DA:183,7
DA:184,1
DA:185,7
DA:186,0
DA:187,72
DA:188,7
DA:189,1
DA:190,7
DA:191,23
DA:192,23
DA:193,1
DA:194,23
DA:195,93
DA:196,93
DA:197,1
DA:198,93
DA:199,103
DA:200,103
DA:201,103
DA:202,1
DA:203,93
DA:204,100
DA:205,100
DA:206,100
DA:207,1
DA:208,93
DA:209,97
DA:210,97
DA:211,97
DA:212,1
DA:213,0
DA:214,0
DA:215,0
DA:216,0
DA:217,1
DA:218,142
DA:219,93
DA:220,123
DA:221,123
DA:222,123
DA:223,135
DA:224,0
DA:225,0
DA:226,0
DA:227,0
DA:228,0
DA:229,123
DA:230,123
DA:231,125
DA:232,125
DA:233,125
DA:234,125
DA:235,123
DA:236,123
DA:237,93
DA:238,108
DA:239,108
DA:240,108
DA:241,108
DA:242,108
DA:243,108
DA:244,111
DA:245,111
DA:246,108
DA:247,0
DA:248,0
DA:249,0
DA:250,0
DA:251,0
DA:252,0
DA:253,0
DA:254,0
DA:255,0
DA:256,0
DA:257,0
DA:258,0
DA:259,93
DA:260,95
DA:261,0
DA:262,0
DA:263,0
DA:264,95
DA:265,93
DA:266,95
DA:267,0
DA:268,0
DA:269,0
DA:270,95
DA:271,0
DA:272,0
DA:273,93
DA:274,93
DA:275,1
DA:276,23
DA:277,23
DA:278,23
DA:279,23
DA:280,23
DA:281,7
DA:282,7
DA:283,1
LH:220
LF:283
end_of_record
SF:/Users/leoniddomahalskyy/Documents/new_metropol/tests/utils/testHelpers.js
FN:7,TestDatabase
FN:14,setupSchema
FN:50,seedData
FN:72,close
FN:76,query
FN:86,safeQuery
FN:90,safeQueryEntries
FN:99,internalQuery
FN:103,internalQueryEntries
FN:107,transaction
FN:119,get lastInsertId
FN:124,createTestApp
FN:130,createMockContext
FN:135,body
FN:142,redirect
FN:150,get
FN:151,set
FN:162,createFormData
FN:172,formDataMap.get
FN:184,createURLSearchParams
FN:243,sleep
FNDA:49,TestDatabase
FNDA:49,setupSchema
FNDA:45,seedData
FNDA:49,close
FNDA:4196,query
FNDA:4196,safeQuery
FNDA:1197,safeQueryEntries
FNDA:0,internalQuery
FNDA:2,internalQueryEntries
FNDA:2162,transaction
FNDA:1030,get lastInsertId
FNDA:0,createTestApp
FNDA:29,createMockContext
FNDA:11,body
FNDA:14,redirect
FNDA:1,get
FNDA:0,set
FNDA:7,createFormData
FNDA:0,formDataMap.get
FNDA:0,createURLSearchParams
FNDA:0,sleep
FNF:21
FNH:15
BRDA:79,5,0,0
BRDA:93,7,0,0
BRDA:113,10,0,0
BRDA:133,13,0,28
BRDA:134,13,1,14
BRDA:147,13,2,22
BRDA:135,14,0,0
BRDA:150,16,0,0
BRDA:166,18,0,42
BRF:9
BRH:4
DA:1,1
DA:2,6
DA:3,6
DA:4,6
DA:5,1
DA:6,6
DA:7,6
DA:8,55
DA:9,55
DA:10,55
DA:11,55
DA:12,55
DA:13,1
DA:14,6
DA:15,55
DA:16,55
DA:17,55
DA:18,55
DA:19,55
DA:20,55
DA:21,55
DA:22,55
DA:23,55
DA:24,55
DA:25,55
DA:26,55
DA:27,55
DA:28,1
DA:29,55
DA:30,55
DA:31,55
DA:32,55
DA:33,55
DA:34,55
DA:35,55
DA:36,55
DA:37,55
DA:38,55
DA:39,1
DA:40,55
DA:41,55
DA:42,55
DA:43,55
DA:44,55
DA:45,55
DA:46,55
DA:47,55
DA:48,55
DA:49,1
DA:50,6
DA:51,51
DA:52,51
DA:53,51
DA:54,51
DA:55,51
DA:56,1
DA:57,51
DA:58,51
DA:59,51
DA:60,51
DA:61,51
DA:62,1
DA:63,51
DA:64,51
DA:65,51
DA:66,51
DA:67,51
DA:68,51
DA:69,51
DA:70,51
DA:71,1
DA:72,6
DA:73,55
DA:74,55
DA:75,1
DA:76,6
DA:77,4202
DA:78,4202
DA:79,0
DA:80,0
DA:81,0
DA:82,0
DA:83,4202
DA:84,1
DA:85,6
DA:86,6
DA:87,4202
DA:88,4202
DA:89,1
DA:90,6
DA:91,1203
DA:92,1203
DA:93,0
DA:94,0
DA:95,0
DA:96,0
DA:97,1203
DA:98,1
DA:99,0
DA:100,0
DA:101,0
DA:102,1
DA:103,6
DA:104,8
DA:105,8
DA:106,1
DA:107,6
DA:108,2168
DA:109,2168
DA:110,2168
DA:111,2168
DA:112,2168
DA:113,0
DA:114,0
DA:115,0
DA:116,0
DA:117,2168
DA:118,1
DA:119,6
DA:120,1036
DA:121,1036
DA:122,6
DA:123,1
DA:124,0
DA:125,0
DA:126,0
DA:127,0
DA:128,0
DA:129,1
DA:130,6
DA:131,35
DA:132,35
DA:133,35
DA:134,35
DA:135,0
DA:136,35
DA:137,35
DA:138,35
DA:139,35
DA:140,35
DA:141,35
DA:142,35
DA:143,49
DA:144,49
DA:145,35
DA:146,35
DA:147,35
DA:148,35
DA:149,35
DA:150,0
DA:151,0
DA:152,0
DA:153,0
DA:154,0
DA:155,0
DA:156,35
DA:157,35
DA:158,35
DA:159,35
DA:160,35
DA:161,1
DA:162,6
DA:163,13
DA:164,13
DA:165,1
DA:166,13
DA:167,55
DA:168,55
DA:169,1
DA:170,13
DA:171,13
DA:172,0
DA:173,0
DA:174,0
DA:175,0
DA:176,1
DA:177,13
DA:178,13
DA:179,13
DA:180,13
DA:181,13
DA:182,1
DA:183,1
DA:184,0
DA:185,0
DA:186,1
DA:187,0
DA:188,0
DA:189,0
DA:190,0
DA:191,0
DA:192,1
DA:193,0
DA:194,0
DA:195,1
DA:196,6
DA:197,6
DA:198,6
DA:199,6
DA:200,6
DA:201,6
DA:202,6
DA:203,6
DA:204,6
DA:205,6
DA:206,6
DA:207,6
DA:208,6
DA:209,6
DA:210,6
DA:211,6
DA:212,6
DA:213,6
DA:214,6
DA:215,6
DA:216,6
DA:217,6
DA:218,6
DA:219,6
DA:220,6
DA:221,6
DA:222,6
DA:223,6
DA:224,6
DA:225,1
DA:226,6
DA:227,6
DA:228,6
DA:229,6
DA:230,6
DA:231,6
DA:232,6
DA:233,6
DA:234,6
DA:235,6
DA:236,6
DA:237,6
DA:238,6
DA:239,6
DA:240,6
DA:241,6
DA:242,1
DA:243,0
DA:244,0
DA:245,0
DA:246,1
LH:203
LF:246
end_of_record
