SF:/Users/leoniddomahalskyy/Desktop/new_metropol/src/config/config.js
FNF:0
FNH:0
BRF:0
BRH:0
DA:1,6
DA:2,6
DA:3,6
DA:4,6
DA:5,6
DA:6,1
DA:7,6
DA:8,6
DA:9,6
DA:10,1
DA:11,6
DA:12,6
DA:13,6
DA:14,6
DA:15,6
DA:16,1
DA:17,6
DA:18,6
DA:19,6
DA:20,6
DA:21,1
LH:21
LF:21
end_of_record
SF:/Users/leoniddomahalskyy/Desktop/new_metropol/src/controllers/adminController.js
FN:7,dashboard
FN:58,login
FN:63,loginPost
FN:97,logout
FN:102,showsIndex
FN:107,showsCreate
FN:119,showsUpdate
FN:132,showsDelete
FNDA:0,dashboard
FNDA:0,login
FNDA:5,loginPost
FNDA:0,logout
FNDA:0,showsIndex
FNDA:0,showsCreate
FNDA:0,showsUpdate
FNDA:0,showsDelete
FNF:8
FNH:1
BRDA:68,3,0,3
BRDA:68,3,1,3
BRDA:73,3,2,2
BRDA:76,3,3,1
BRDA:88,3,4,0
BRF:5
BRH:4
DA:1,2
DA:2,2
DA:3,2
DA:4,2
DA:5,1
DA:6,2
DA:7,0
DA:8,0
DA:9,0
DA:10,0
DA:11,0
DA:12,0
DA:13,0
DA:14,0
DA:15,1
DA:16,0
DA:17,0
DA:18,0
DA:19,0
DA:20,0
DA:21,0
DA:22,0
DA:23,0
DA:24,0
DA:25,1
DA:26,0
DA:27,0
DA:28,0
DA:29,0
DA:30,0
DA:31,0
DA:32,0
DA:33,0
DA:34,0
DA:35,0
DA:36,0
DA:37,0
DA:38,0
DA:39,0
DA:40,0
DA:41,0
DA:42,0
DA:43,0
DA:44,1
DA:45,0
DA:46,0
DA:47,0
DA:48,0
DA:49,0
DA:50,0
DA:51,0
DA:52,0
DA:53,0
DA:54,0
DA:55,0
DA:56,0
DA:57,1
DA:58,0
DA:59,0
DA:60,0
DA:61,0
DA:62,1
DA:63,2
DA:64,7
DA:65,7
DA:66,7
DA:67,1
DA:68,7
DA:69,10
DA:70,10
DA:71,10
DA:72,10
DA:73,10
DA:74,1
DA:75,9
DA:76,7
DA:77,8
DA:78,8
DA:79,8
DA:80,1
DA:81,8
DA:82,8
DA:83,8
DA:84,8
DA:85,8
DA:86,8
DA:87,8
DA:88,8
DA:89,1
DA:90,0
DA:91,0
DA:92,0
DA:93,0
DA:94,0
DA:95,0
DA:96,1
DA:97,0
DA:98,0
DA:99,0
DA:100,0
DA:101,1
DA:102,0
DA:103,0
DA:104,0
DA:105,0
DA:106,1
DA:107,0
DA:108,0
DA:109,0
DA:110,0
DA:111,0
DA:112,0
DA:113,0
DA:114,0
DA:115,0
DA:116,0
DA:117,0
DA:118,1
DA:119,0
DA:120,0
DA:121,0
DA:122,0
DA:123,0
DA:124,0
DA:125,0
DA:126,0
DA:127,0
DA:128,0
DA:129,0
DA:130,0
DA:131,1
DA:132,0
DA:133,0
DA:134,0
DA:135,0
DA:136,0
DA:137,2
DA:138,1
LH:45
LF:138
end_of_record
SF:/Users/leoniddomahalskyy/Desktop/new_metropol/src/controllers/filmController.js
FN:23,index
FN:41,create
FN:119,update
FN:234,delete
FNDA:2,index
FNDA:5,create
FNDA:3,update
FNDA:2,delete
FNF:4
FNH:4
BRDA:32,1,0,1
BRDA:49,2,0,3
BRDA:55,2,1,2
BRDA:66,2,2,4
BRDA:66,2,3,18
BRDA:68,2,4,4
BRDA:71,2,5,2
BRDA:73,2,6,2
BRDA:79,2,7,2
BRDA:104,2,8,3
BRDA:110,2,9,0
BRDA:126,4,0,1
BRDA:128,4,1,2
BRDA:132,4,2,1
BRDA:140,4,3,0
BRDA:147,4,4,1
BRDA:160,4,5,6
BRDA:162,4,6,0
BRDA:175,4,7,1
BRDA:180,4,8,0
BRDA:199,4,9,0
BRDA:210,4,10,1
BRDA:215,4,11,2
BRDA:216,4,12,1
BRDA:225,4,13,0
BRDA:241,7,0,1
BRDA:255,7,1,0
BRF:27
BRH:20
DA:1,3
DA:2,3
DA:3,3
DA:4,3
DA:5,3
DA:6,1
DA:7,3
DA:8,3
DA:9,3
DA:10,3
DA:11,3
DA:12,3
DA:13,3
DA:14,3
DA:15,3
DA:16,1
DA:17,3
DA:18,3
DA:19,3
DA:20,3
DA:21,1
DA:22,3
DA:23,3
DA:24,5
DA:25,5
DA:26,5
DA:27,5
DA:28,5
DA:29,5
DA:30,5
DA:31,5
DA:32,5
DA:33,6
DA:34,6
DA:35,6
DA:36,6
DA:37,6
DA:38,6
DA:39,3
DA:40,1
DA:41,3
DA:42,8
DA:43,8
DA:44,1
DA:45,8
DA:46,8
DA:47,1
DA:48,8
DA:49,8
DA:50,11
DA:51,11
DA:52,11
DA:53,11
DA:54,11
DA:55,11
DA:56,1
DA:57,13
DA:58,13
DA:59,13
DA:60,13
DA:61,13
DA:62,13
DA:63,1
DA:64,13
DA:65,13
DA:66,8
DA:67,30
DA:68,30
DA:69,34
DA:70,34
DA:71,34
DA:72,1
DA:73,34
DA:74,36
DA:75,36
DA:76,36
DA:77,36
DA:78,34
DA:79,30
DA:80,1
DA:81,14
DA:82,14
DA:83,14
DA:84,14
DA:85,14
DA:86,14
DA:87,14
DA:88,14
DA:89,14
DA:90,14
DA:91,14
DA:92,1
DA:93,14
DA:94,14
DA:95,14
DA:96,14
DA:97,14
DA:98,1
DA:99,14
DA:100,14
DA:101,14
DA:102,14
DA:103,14
DA:104,8
DA:105,11
DA:106,11
DA:107,11
DA:108,11
DA:109,11
DA:110,0
DA:111,0
DA:112,0
DA:113,0
DA:114,0
DA:115,0
DA:116,11
DA:117,3
DA:118,1
DA:119,3
DA:120,6
DA:121,6
DA:122,1
DA:123,6
DA:124,1
DA:125,6
DA:126,6
DA:127,7
DA:128,7
DA:129,1
DA:130,8
DA:131,8
DA:132,6
DA:133,7
DA:134,7
DA:135,7
DA:136,1
DA:137,7
DA:138,1
DA:139,7
DA:140,0
DA:141,0
DA:142,0
DA:143,0
DA:144,0
DA:145,0
DA:146,0
DA:147,0
DA:148,1
DA:149,7
DA:150,7
DA:151,7
DA:152,7
DA:153,7
DA:154,7
DA:155,1
DA:156,7
DA:157,7
DA:158,1
DA:159,7
DA:160,6
DA:161,12
DA:162,0
DA:163,0
DA:164,0
DA:165,0
DA:166,1
DA:167,0
DA:168,0
DA:169,0
DA:170,0
DA:171,0
DA:172,0
DA:173,0
DA:174,0
DA:175,12
DA:176,1
DA:177,7
DA:178,7
DA:179,0
DA:180,0
DA:181,0
DA:182,0
DA:183,0
DA:184,0
DA:185,0
DA:186,0
DA:187,0
DA:188,0
DA:189,0
DA:190,0
DA:191,0
DA:192,0
DA:193,0
DA:194,0
DA:195,7
DA:196,7
DA:197,7
DA:198,1
DA:199,0
DA:200,0
DA:201,0
DA:202,0
DA:203,0
DA:204,0
DA:205,0
DA:206,0
DA:207,0
DA:208,0
DA:209,0
DA:210,0
DA:211,1
DA:212,7
DA:213,7
DA:214,7
DA:215,6
DA:216,8
DA:217,9
DA:218,9
DA:219,9
DA:220,9
DA:221,9
DA:222,9
DA:223,9
DA:224,9
DA:225,0
DA:226,0
DA:227,0
DA:228,0
DA:229,0
DA:230,0
DA:231,8
DA:232,3
DA:233,1
DA:234,3
DA:235,5
DA:236,5
DA:237,1
DA:238,5
DA:239,1
DA:240,5
DA:241,5
DA:242,6
DA:243,6
DA:244,1
DA:245,6
DA:246,6
DA:247,1
DA:248,6
DA:249,6
DA:250,6
DA:251,6
DA:252,6
DA:253,6
DA:254,6
DA:255,0
DA:256,0
DA:257,0
DA:258,0
DA:259,0
DA:260,0
DA:261,6
DA:262,3
DA:263,3
DA:264,1
LH:198
LF:264
end_of_record
SF:/Users/leoniddomahalskyy/Desktop/new_metropol/src/controllers/siteController.js
FN:7,home
FN:21,programm
FN:43,filmDetail
FN:57,about
FN:60,prices
FN:63,imprint
FN:66,privacy
FN:69,kolophon
FN:72,timeline
FN:75,documentation
FN:78,frontendDocumentation
FNDA:1,home
FNDA:1,programm
FNDA:2,filmDetail
FNDA:1,about
FNDA:1,prices
FNDA:1,imprint
FNDA:1,privacy
FNDA:1,kolophon
FNDA:1,timeline
FNDA:1,documentation
FNDA:0,frontendDocumentation
FNF:11
FNH:10
BRDA:26,2,0,7
BRDA:47,3,0,1
BRF:2
BRH:2
DA:1,2
DA:2,2
DA:3,2
DA:4,2
DA:5,1
DA:6,2
DA:7,2
DA:8,3
DA:9,3
DA:10,3
DA:11,3
DA:12,3
DA:13,3
DA:14,3
DA:15,3
DA:16,3
DA:17,3
DA:18,3
DA:19,2
DA:20,1
DA:21,2
DA:22,3
DA:23,3
DA:24,3
DA:25,1
DA:26,3
DA:27,10
DA:28,10
DA:29,10
DA:30,10
DA:31,10
DA:32,10
DA:33,10
DA:34,10
DA:35,1
DA:36,10
DA:37,10
DA:38,10
DA:39,1
DA:40,3
DA:41,2
DA:42,1
DA:43,2
DA:44,4
DA:45,4
DA:46,1
DA:47,4
DA:48,5
DA:49,5
DA:50,5
DA:51,5
DA:52,5
DA:53,1
DA:54,5
DA:55,2
DA:56,1
DA:57,2
DA:58,3
DA:59,2
DA:60,2
DA:61,3
DA:62,2
DA:63,2
DA:64,3
DA:65,2
DA:66,2
DA:67,3
DA:68,2
DA:69,2
DA:70,3
DA:71,2
DA:72,2
DA:73,3
DA:74,2
DA:75,2
DA:76,3
DA:77,2
DA:78,0
DA:79,0
DA:80,0
DA:81,2
DA:82,1
LH:79
LF:82
end_of_record
SF:/Users/leoniddomahalskyy/Desktop/new_metropol/src/db/database.js
FN:8,SecureDatabase
FN:26,validateUserInput
FN:34,validateQueryStructure
FN:72,safeQuery
FN:85,safeQueryEntries
FN:99,internalQuery
FN:103,internalQueryEntries
FN:107,transaction
FN:119,get lastInsertId
FN:123,close
FNDA:6,SecureDatabase
FNDA:2,validateUserInput
FNDA:2,validateQueryStructure
FNDA:0,safeQuery
FNDA:2,safeQueryEntries
FNDA:0,internalQuery
FNDA:0,internalQueryEntries
FNDA:0,transaction
FNDA:0,get lastInsertId
FNDA:0,close
FNF:10
FNH:4
BRDA:20,1,0,0
BRDA:28,2,0,0
BRDA:49,3,0,0
BRDA:54,3,1,0
BRDA:92,6,0,0
BRF:5
BRH:0
DA:1,1
DA:2,6
DA:3,6
DA:4,6
DA:5,6
DA:6,1
DA:7,6
DA:8,6
DA:9,12
DA:10,12
DA:11,12
DA:12,12
DA:13,12
DA:14,12
DA:15,12
DA:16,1
DA:17,12
DA:18,12
DA:19,12
DA:20,0
DA:21,0
DA:22,0
DA:23,0
DA:24,12
DA:25,1
DA:26,6
DA:27,8
DA:28,0
DA:29,0
DA:30,0
DA:31,8
DA:32,8
DA:33,1
DA:34,6
DA:35,8
DA:36,8
DA:37,8
DA:38,8
DA:39,8
DA:40,8
DA:41,8
DA:42,8
DA:43,8
DA:44,1
DA:45,8
DA:46,8
DA:47,8
DA:48,1
DA:49,0
DA:50,0
DA:51,0
DA:52,1
DA:53,8
DA:54,0
DA:55,0
DA:56,0
DA:57,0
DA:58,0
DA:59,0
DA:60,0
DA:61,1
DA:62,0
DA:63,0
DA:64,0
DA:65,1
DA:66,0
DA:67,0
DA:68,0
DA:69,0
DA:70,8
DA:71,1
DA:72,0
DA:73,0
DA:74,0
DA:75,0
DA:76,0
DA:77,0
DA:78,0
DA:79,0
DA:80,0
DA:81,0
DA:82,0
DA:83,0
DA:84,1
DA:85,6
DA:86,8
DA:87,8
DA:88,8
DA:89,8
DA:90,8
DA:91,8
DA:92,0
DA:93,0
DA:94,0
DA:95,0
DA:96,8
DA:97,1
DA:98,6
DA:99,0
DA:100,0
DA:101,0
DA:102,1
DA:103,0
DA:104,0
DA:105,0
DA:106,1
DA:107,0
DA:108,0
DA:109,0
DA:110,0
DA:111,0
DA:112,0
DA:113,0
DA:114,0
DA:115,0
DA:116,0
DA:117,0
DA:118,1
DA:119,0
DA:120,0
DA:121,0
DA:122,1
DA:123,0
DA:124,0
DA:125,0
DA:126,6
DA:127,1
DA:128,6
DA:129,6
DA:130,1
LH:67
LF:130
end_of_record
SF:/Users/leoniddomahalskyy/Desktop/new_metropol/src/middleware/authMiddleware.js
FN:1,adminMiddleware
FNDA:0,adminMiddleware
FNF:1
FNH:0
BRF:0
BRH:0
DA:1,0
DA:2,0
DA:3,0
DA:4,0
DA:5,0
DA:6,0
DA:7,0
DA:8,0
DA:9,0
DA:10,1
LH:1
LF:10
end_of_record
SF:/Users/leoniddomahalskyy/Desktop/new_metropol/src/middleware/staticFileMiddleware.js
FN:3,staticFileMiddleware
FN:13,servePublicFiles
FNDA:0,staticFileMiddleware
FNDA:0,servePublicFiles
FNF:2
FNH:0
BRF:0
BRH:0
DA:1,1
DA:2,1
DA:3,0
DA:4,0
DA:5,0
DA:6,0
DA:7,0
DA:8,0
DA:9,0
DA:10,0
DA:11,0
DA:12,1
DA:13,0
DA:14,0
DA:15,0
DA:16,1
LH:4
LF:16
end_of_record
SF:/Users/leoniddomahalskyy/Desktop/new_metropol/src/models/filmModel.js
FN:5,getDb
FN:8,getAllFilms
FN:11,getFilmById
FN:20,createFilm
FN:46,updateFilm
FN:59,deleteFilm
FNDA:5487,getDb
FNDA:2,getAllFilms
FNDA:9,getFilmById
FNDA:1156,createFilm
FNDA:2,updateFilm
FNDA:1002,deleteFilm
FNF:6
FNH:6
BRDA:5,1,0,0
BRDA:15,3,0,6
BRDA:18,3,1,3
BRDA:43,5,0,0
BRDA:50,7,0,0
BRF:5
BRH:2
DA:1,6
DA:2,6
DA:3,1
DA:4,1
DA:5,0
DA:6,1
DA:7,6
DA:8,6
DA:9,8
DA:10,6
DA:11,6
DA:12,15
DA:13,15
DA:14,15
DA:15,15
DA:16,21
DA:17,21
DA:18,15
DA:19,6
DA:20,6
DA:21,1162
DA:22,1162
DA:23,1162
DA:24,1162
DA:25,1162
DA:26,1162
DA:27,1162
DA:28,1162
DA:29,1162
DA:30,1
DA:31,1162
DA:32,2318
DA:33,2318
DA:34,2318
DA:35,2318
DA:36,1
DA:37,2318
DA:38,2318
DA:39,2318
DA:40,2318
DA:41,2318
DA:42,1
DA:43,0
DA:44,1162
DA:45,6
DA:46,6
DA:47,8
DA:48,10
DA:49,10
DA:50,0
DA:51,10
DA:52,10
DA:53,10
DA:54,10
DA:55,10
DA:56,10
DA:57,8
DA:58,6
DA:59,6
DA:60,1008
DA:61,2010
DA:62,2010
DA:63,1008
DA:64,6
DA:65,6
DA:66,1
LH:63
LF:66
end_of_record
SF:/Users/leoniddomahalskyy/Desktop/new_metropol/src/models/showModel.js
FN:4,getDb
FN:7,getAllShows
FN:15,getShowsByDate
FN:27,getShowsByFilmId
FN:35,getShowById
FN:41,createShow
FN:49,updateShow
FN:62,deleteShow
FN:66,deleteShowsByFilmId
FNDA:3096,getDb
FNDA:0,getAllShows
FNDA:12,getShowsByDate
FNDA:16,getShowsByFilmId
FNDA:2,getShowById
FNDA:1030,createShow
FNDA:1,updateShow
FNDA:2,deleteShow
FNDA:1002,deleteShowsByFilmId
FNF:9
FNH:8
BRDA:4,1,0,0
BRDA:39,5,0,0
BRDA:53,8,0,0
BRF:3
BRH:0
DA:1,6
DA:2,1
DA:3,1
DA:4,0
DA:5,1
DA:6,6
DA:7,0
DA:8,0
DA:9,0
DA:10,0
DA:11,0
DA:12,0
DA:13,0
DA:14,0
DA:15,6
DA:16,18
DA:17,18
DA:18,18
DA:19,18
DA:20,18
DA:21,18
DA:22,18
DA:23,18
DA:24,18
DA:25,18
DA:26,6
DA:27,6
DA:28,22
DA:29,22
DA:30,22
DA:31,22
DA:32,22
DA:33,22
DA:34,6
DA:35,6
DA:36,8
DA:37,8
DA:38,8
DA:39,0
DA:40,6
DA:41,6
DA:42,1036
DA:43,1036
DA:44,1036
DA:45,1036
DA:46,1036
DA:47,1036
DA:48,6
DA:49,6
DA:50,7
DA:51,8
DA:52,8
DA:53,0
DA:54,8
DA:55,8
DA:56,8
DA:57,8
DA:58,8
DA:59,8
DA:60,7
DA:61,6
DA:62,6
DA:63,8
DA:64,6
DA:65,1
DA:66,6
DA:67,1008
DA:68,6
DA:69,6
DA:70,1
LH:59
LF:70
end_of_record
SF:/Users/leoniddomahalskyy/Desktop/new_metropol/src/models/userModel.js
FN:5,getUserByUsername
FN:13,createUser
FN:22,verifyPassword
FNDA:2,getUserByUsername
FNDA:0,createUser
FNDA:1,verifyPassword
FNF:3
FNH:2
BRDA:10,1,0,1
BRDA:10,1,1,1
BRF:2
BRH:2
DA:1,2
DA:2,2
DA:3,1
DA:4,2
DA:5,2
DA:6,4
DA:7,4
DA:8,4
DA:9,4
DA:10,4
DA:11,2
DA:12,1
DA:13,0
DA:14,0
DA:15,0
DA:16,0
DA:17,0
DA:18,0
DA:19,0
DA:20,0
DA:21,1
DA:22,2
DA:23,3
DA:24,2
DA:25,2
DA:26,1
LH:18
LF:26
end_of_record
SF:/Users/leoniddomahalskyy/Desktop/new_metropol/src/routes/adminRoutes.js
FNF:0
FNH:0
BRF:0
BRH:0
DA:1,1
DA:2,1
DA:3,1
DA:4,1
DA:5,1
DA:6,1
DA:7,1
DA:8,1
DA:9,1
DA:10,1
DA:11,1
DA:12,1
DA:13,1
DA:14,1
DA:15,1
DA:16,1
DA:17,1
DA:18,1
DA:19,1
DA:20,1
DA:21,1
DA:22,1
LH:22
LF:22
end_of_record
SF:/Users/leoniddomahalskyy/Desktop/new_metropol/src/routes/siteRoutes.js
FNF:0
FNH:0
BRF:0
BRH:0
DA:1,1
DA:2,1
DA:3,1
DA:4,1
DA:5,1
DA:6,1
DA:7,1
DA:8,1
DA:9,1
DA:10,1
DA:11,1
DA:12,1
DA:13,1
DA:14,1
DA:15,1
DA:16,1
DA:17,1
LH:17
LF:17
end_of_record
SF:/Users/leoniddomahalskyy/Desktop/new_metropol/src/services/render.js
FN:9,render
FN:20,sanitizeContext
FNDA:10,render
FNDA:55,sanitizeContext
FNF:2
FNH:2
BRDA:14,1,0,0
BRDA:21,2,0,18
BRDA:23,2,1,0
BRDA:27,2,2,37
BRDA:29,2,3,12
BRDA:31,2,4,25
BRDA:33,2,5,21
BRDA:33,2,6,14
BRDA:35,2,7,36
BRDA:39,2,8,11
BRF:10
BRH:8
DA:1,3
DA:2,3
DA:3,1
DA:4,3
DA:5,3
DA:6,3
DA:7,3
DA:8,1
DA:9,3
DA:10,13
DA:11,13
DA:12,13
DA:13,13
DA:14,0
DA:15,0
DA:16,0
DA:17,0
DA:18,13
DA:19,1
DA:20,58
DA:21,58
DA:22,76
DA:23,0
DA:24,0
DA:25,0
DA:26,76
DA:27,76
DA:28,1
DA:29,58
DA:30,70
DA:31,70
DA:32,1
DA:33,58
DA:34,72
DA:35,72
DA:36,108
DA:37,108
DA:38,72
DA:39,72
DA:40,1
DA:41,69
DA:42,58
DA:43,1
LH:36
LF:43
end_of_record
SF:/Users/leoniddomahalskyy/Desktop/new_metropol/src/utils/formatDate.js
FN:1,formatDate
FN:9,getTodayDate
FN:13,getTomorrowDate
FN:19,getDayAfterTomorrowDate
FNDA:20,formatDate
FNDA:3,getTodayDate
FNDA:2,getTomorrowDate
FNDA:2,getDayAfterTomorrowDate
FNF:4
FNH:4
BRF:0
BRH:0
DA:1,3
DA:2,23
DA:3,23
DA:4,23
DA:5,23
DA:6,23
DA:7,23
DA:8,1
DA:9,3
DA:10,6
DA:11,6
DA:12,1
DA:13,3
DA:14,5
DA:15,5
DA:16,5
DA:17,5
DA:18,1
DA:19,3
DA:20,5
DA:21,5
DA:22,5
DA:23,5
DA:24,1
LH:24
LF:24
end_of_record
SF:/Users/leoniddomahalskyy/Desktop/new_metropol/src/utils/logging/errorHandler.js
FN:6,AppError
FN:20,ValidationError
FN:27,DatabaseError
FN:34,AuthenticationError
FN:41,AuthorizationError
FN:48,NotFoundError
FN:56,handleError
FN:64,processError
FN:87,handleAppError
FN:105,handleValidationError
FN:127,handleUnknownError
FN:151,renderErrorPage
FN:190,wrapDatabaseOperation
FN:211,handleSecurityEvent
FN:232,handleShutdown
FN:251,register
FNDA:7,AppError
FNDA:5,ValidationError
FNDA:1,DatabaseError
FNDA:0,AuthenticationError
FNDA:0,AuthorizationError
FNDA:1,NotFoundError
FNDA:0,handleError
FNDA:0,processError
FNDA:0,handleAppError
FNDA:0,handleValidationError
FNDA:0,handleUnknownError
FNDA:0,renderErrorPage
FNDA:0,wrapDatabaseOperation
FNDA:0,handleSecurityEvent
FNDA:0,handleShutdown
FNDA:0,register
FNF:16
FNH:4
BRF:0
BRH:0
DA:1,1
DA:2,3
DA:3,3
DA:4,1
DA:5,3
DA:6,3
DA:7,10
DA:8,10
DA:9,10
DA:10,10
DA:11,10
DA:12,10
DA:13,10
DA:14,1
DA:15,10
DA:16,10
DA:17,3
DA:18,1
DA:19,3
DA:20,3
DA:21,8
DA:22,8
DA:23,8
DA:24,3
DA:25,1
DA:26,3
DA:27,3
DA:28,4
DA:29,4
DA:30,4
DA:31,3
DA:32,1
DA:33,3
DA:34,0
DA:35,0
DA:36,0
DA:37,0
DA:38,3
DA:39,1
DA:40,3
DA:41,0
DA:42,0
DA:43,0
DA:44,0
DA:45,3
DA:46,1
DA:47,3
DA:48,3
DA:49,4
DA:50,4
DA:51,4
DA:52,3
DA:53,1
DA:54,3
DA:55,3
DA:56,0
DA:57,0
DA:58,0
DA:59,0
DA:60,0
DA:61,0
DA:62,0
DA:63,1
DA:64,0
DA:65,0
DA:66,1
DA:67,0
DA:68,0
DA:69,0
DA:70,0
DA:71,0
DA:72,0
DA:73,0
DA:74,0
DA:75,0
DA:76,1
DA:77,0
DA:78,0
DA:79,0
DA:80,0
DA:81,0
DA:82,0
DA:83,0
DA:84,0
DA:85,0
DA:86,1
DA:87,0
DA:88,0
DA:89,1
DA:90,0
DA:91,0
DA:92,0
DA:93,0
DA:94,0
DA:95,0
DA:96,0
DA:97,0
DA:98,0
DA:99,0
DA:100,0
DA:101,0
DA:102,0
DA:103,0
DA:104,1
DA:105,0
DA:106,0
DA:107,1
DA:108,0
DA:109,0
DA:110,0
DA:111,1
DA:112,0
DA:113,0
DA:114,0
DA:115,0
DA:116,0
DA:117,0
DA:118,0
DA:119,0
DA:120,0
DA:121,0
DA:122,0
DA:123,0
DA:124,0
DA:125,0
DA:126,1
DA:127,0
DA:128,0
DA:129,1
DA:130,0
DA:131,0
DA:132,0
DA:133,1
DA:134,0
DA:135,0
DA:136,0
DA:137,0
DA:138,0
DA:139,0
DA:140,0
DA:141,0
DA:142,0
DA:143,0
DA:144,0
DA:145,0
DA:146,0
DA:147,0
DA:148,0
DA:149,0
DA:150,1
DA:151,0
DA:152,0
DA:153,0
DA:154,0
DA:155,0
DA:156,0
DA:157,0
DA:158,0
DA:159,0
DA:160,0
DA:161,0
DA:162,0
DA:163,0
DA:164,1
DA:165,0
DA:166,0
DA:167,0
DA:168,0
DA:169,0
DA:170,0
DA:171,0
DA:172,0
DA:173,0
DA:174,0
DA:175,0
DA:176,0
DA:177,0
DA:178,0
DA:179,0
DA:180,0
DA:181,0
DA:182,0
DA:183,0
DA:184,0
DA:185,0
DA:186,0
DA:187,0
DA:188,1
DA:189,3
DA:190,0
DA:191,0
DA:192,0
DA:193,0
DA:194,0
DA:195,0
DA:196,0
DA:197,0
DA:198,0
DA:199,0
DA:200,0
DA:201,0
DA:202,0
DA:203,0
DA:204,0
DA:205,0
DA:206,0
DA:207,0
DA:208,0
DA:209,1
DA:210,3
DA:211,0
DA:212,0
DA:213,0
DA:214,0
DA:215,0
DA:216,0
DA:217,0
DA:218,1
DA:219,0
DA:220,0
DA:221,0
DA:222,0
DA:223,0
DA:224,0
DA:225,1
DA:226,0
DA:227,0
DA:228,3
DA:229,1
DA:230,1
DA:231,3
DA:232,0
DA:233,0
DA:234,1
DA:235,0
DA:236,0
DA:237,0
DA:238,0
DA:239,0
DA:240,0
DA:241,1
DA:242,0
DA:243,0
DA:244,0
DA:245,0
DA:246,0
DA:247,0
DA:248,0
DA:249,0
DA:250,1
DA:251,0
DA:252,0
DA:253,0
DA:254,0
DA:255,0
DA:256,0
DA:257,0
DA:258,0
DA:259,0
DA:260,0
DA:261,3
LH:74
LF:261
end_of_record
SF:/Users/leoniddomahalskyy/Desktop/new_metropol/src/utils/logging/logger.js
FN:22,Logger
FN:32,formatTimestamp
FN:36,formatLogEntry
FN:66,writeToFile
FN:84,debug
FN:90,info
FN:96,warn
FN:102,error
FN:109,fatal
FN:114,updateErrorStats
FN:131,logRequest
FN:158,logDatabaseQuery
FN:180,logSecurityEvent
FN:189,logStartup
FN:198,logShutdown
FN:207,getHealthStats
FNDA:6,Logger
FNDA:28,formatTimestamp
FNDA:28,formatLogEntry
FNDA:0,writeToFile
FNDA:2,debug
FNDA:23,info
FNDA:4,warn
FNDA:1,error
FNDA:0,fatal
FNDA:1,updateErrorStats
FNDA:0,logRequest
FNDA:0,logDatabaseQuery
FNDA:0,logSecurityEvent
FNDA:0,logStartup
FNDA:0,logShutdown
FNDA:0,getHealthStats
FNF:16
FNH:8
BRDA:23,1,0,0
BRDA:54,3,0,1
BRDA:54,3,1,27
BRDA:59,3,2,0
BRDA:85,5,0,0
BRF:5
BRH:2
DA:1,1
DA:2,6
DA:3,1
DA:4,6
DA:5,6
DA:6,6
DA:7,6
DA:8,6
DA:9,6
DA:10,6
DA:11,1
DA:12,6
DA:13,6
DA:14,6
DA:15,6
DA:16,6
DA:17,6
DA:18,6
DA:19,6
DA:20,1
DA:21,6
DA:22,6
DA:23,0
DA:24,12
DA:25,12
DA:26,12
DA:27,12
DA:28,12
DA:29,12
DA:30,12
DA:31,1
DA:32,6
DA:33,34
DA:34,34
DA:35,1
DA:36,6
DA:37,34
DA:38,34
DA:39,34
DA:40,1
DA:41,34
DA:42,34
DA:43,34
DA:44,34
DA:45,34
DA:46,34
DA:47,34
DA:48,34
DA:49,1
DA:50,34
DA:51,34
DA:52,34
DA:53,34
DA:54,34
DA:55,34
DA:56,34
DA:57,1
DA:58,34
DA:59,0
DA:60,0
DA:61,0
DA:62,1
DA:63,34
DA:64,34
DA:65,1
DA:66,0
DA:67,0
DA:68,0
DA:69,0
DA:70,1
DA:71,0
DA:72,0
DA:73,0
DA:74,0
DA:75,0
DA:76,0
DA:77,1
DA:78,0
DA:79,0
DA:80,0
DA:81,0
DA:82,0
DA:83,1
DA:84,6
DA:85,0
DA:86,0
DA:87,0
DA:88,8
DA:89,1
DA:90,6
DA:91,29
DA:92,29
DA:93,29
DA:94,29
DA:95,1
DA:96,6
DA:97,10
DA:98,10
DA:99,10
DA:100,10
DA:101,1
DA:102,6
DA:103,7
DA:104,7
DA:105,7
DA:106,7
DA:107,7
DA:108,1
DA:109,0
DA:110,0
DA:111,0
DA:112,0
DA:113,1
DA:114,6
DA:115,7
DA:116,1
DA:117,7
DA:118,7
DA:119,7
DA:120,7
DA:121,1
DA:122,7
DA:123,7
DA:124,7
DA:125,0
DA:126,7
DA:127,7
DA:128,7
DA:129,1
DA:130,6
DA:131,0
DA:132,0
DA:133,0
DA:134,1
DA:135,0
DA:136,0
DA:137,0
DA:138,0
DA:139,0
DA:140,0
DA:141,0
DA:142,0
DA:143,0
DA:144,1
DA:145,0
DA:146,0
DA:147,0
DA:148,0
DA:149,0
DA:150,0
DA:151,0
DA:152,0
DA:153,1
DA:154,0
DA:155,0
DA:156,1
DA:157,6
DA:158,0
DA:159,0
DA:160,0
DA:161,0
DA:162,0
DA:163,0
DA:164,0
DA:165,0
DA:166,0
DA:167,0
DA:168,0
DA:169,0
DA:170,0
DA:171,0
DA:172,0
DA:173,0
DA:174,0
DA:175,0
DA:176,0
DA:177,0
DA:178,1
DA:179,6
DA:180,0
DA:181,0
DA:182,0
DA:183,0
DA:184,0
DA:185,0
DA:186,0
DA:187,1
DA:188,6
DA:189,0
DA:190,0
DA:191,0
DA:192,0
DA:193,0
DA:194,0
DA:195,0
DA:196,0
DA:197,1
DA:198,0
DA:199,0
DA:200,0
DA:201,0
DA:202,0
DA:203,0
DA:204,0
DA:205,1
DA:206,6
DA:207,0
DA:208,0
DA:209,0
DA:210,0
DA:211,0
DA:212,0
DA:213,0
DA:214,0
DA:215,0
DA:216,6
DA:217,1
DA:218,6
LH:118
LF:218
end_of_record
SF:/Users/leoniddomahalskyy/Desktop/new_metropol/src/utils/sanitizer.js
FN:66,translateFieldName
FN:70,escapeHtml
FN:75,sanitizeString
FN:96,sanitizeInteger
FN:117,sanitizeFloat
FN:123,sanitizeEmail
FN:130,sanitizeUrl
FN:141,sanitizeDate
FN:171,sanitizeTime
FN:179,detectSqlInjection
FN:185,detectXss
FN:190,sanitizeFormData
FNDA:70,translateFieldName
FNDA:4,escapeHtml
FNDA:28,sanitizeString
FNDA:23,sanitizeInteger
FNDA:0,sanitizeFloat
FNDA:0,sanitizeEmail
FNDA:2,sanitizeUrl
FNDA:21,sanitizeDate
FNDA:16,sanitizeTime
FNDA:72,detectSqlInjection
FNDA:69,detectXss
FNDA:16,sanitizeFormData
FNF:12
FNH:10
BRDA:67,1,0,0
BRDA:71,2,0,0
BRDA:76,4,0,0
BRDA:89,4,1,196
BRDA:101,6,0,1
BRDA:101,6,1,1
BRDA:101,6,2,22
BRDA:106,6,3,5
BRDA:106,6,4,17
BRDA:109,6,5,1
BRDA:109,6,6,16
BRDA:112,6,7,15
BRDA:112,6,8,2
BRDA:112,6,9,14
BRDA:131,9,0,0
BRDA:134,9,1,0
BRDA:136,9,2,0
BRDA:142,10,0,0
BRDA:145,10,1,13
BRDA:145,10,2,11
BRDA:145,10,3,10
BRDA:148,10,4,17
BRDA:148,10,5,2
BRDA:148,10,6,8
BRDA:156,10,7,0
BRDA:156,10,8,8
BRDA:157,10,9,0
BRDA:157,10,10,8
BRDA:158,10,11,0
BRDA:158,10,12,8
BRDA:162,10,13,0
BRDA:162,10,14,0
BRDA:164,10,15,17
BRDA:164,10,16,8
BRDA:166,10,17,2
BRDA:166,10,18,6
BRDA:172,11,0,0
BRDA:176,11,1,7
BRDA:176,11,2,9
BRDA:180,12,0,0
BRDA:186,14,0,0
BRDA:194,16,0,70
BRDA:198,16,1,43
BRDA:198,16,2,36
BRDA:198,16,3,7
BRDA:201,16,4,63
BRDA:203,16,5,10
BRDA:203,16,6,10
BRDA:206,16,7,53
BRDA:208,16,8,4
BRDA:211,16,9,49
BRDA:213,16,10,0
BRDA:216,16,11,49
BRDA:219,16,12,28
BRDA:222,16,13,0
BRDA:224,16,14,0
BRDA:230,16,15,2
BRDA:237,16,16,11
BRDA:243,16,17,3
BRDA:243,16,18,3
BRDA:247,16,19,0
BRDA:253,16,20,2
BRDA:255,16,21,0
BRDA:255,16,22,0
BRDA:259,16,23,6
BRDA:261,16,24,4
BRDA:261,16,25,0
BRDA:265,16,26,2
BRDA:267,16,27,0
BRDA:267,16,28,0
BRDA:271,16,29,0
BRF:71
BRH:46
DA:1,1
DA:2,7
DA:3,7
DA:4,7
DA:5,7
DA:6,7
DA:7,7
DA:8,7
DA:9,7
DA:10,7
DA:11,7
DA:12,7
DA:13,7
DA:14,1
DA:15,7
DA:16,7
DA:17,7
DA:18,7
DA:19,7
DA:20,7
DA:21,7
DA:22,7
DA:23,7
DA:24,7
DA:25,7
DA:26,1
DA:27,7
DA:28,7
DA:29,7
DA:30,7
DA:31,7
DA:32,7
DA:33,7
DA:34,7
DA:35,7
DA:36,7
DA:37,7
DA:38,7
DA:39,7
DA:40,7
DA:41,7
DA:42,7
DA:43,7
DA:44,7
DA:45,7
DA:46,7
DA:47,7
DA:48,7
DA:49,7
DA:50,7
DA:51,7
DA:52,7
DA:53,1
DA:54,7
DA:55,7
DA:56,7
DA:57,7
DA:58,7
DA:59,7
DA:60,7
DA:61,7
DA:62,7
DA:63,1
DA:64,7
DA:65,7
DA:66,7
DA:67,0
DA:68,7
DA:69,1
DA:70,7
DA:71,0
DA:72,11
DA:73,7
DA:74,1
DA:75,7
DA:76,0
DA:77,1
DA:78,35
DA:79,35
DA:80,35
DA:81,35
DA:82,35
DA:83,35
DA:84,826
DA:85,826
DA:86,35
DA:87,35
DA:88,1
DA:89,35
DA:90,231
DA:91,231
DA:92,1
DA:93,35
DA:94,7
DA:95,1
DA:96,7
DA:97,30
DA:98,30
DA:99,30
DA:100,30
DA:101,30
DA:102,1
DA:103,52
DA:104,52
DA:105,1
DA:106,30
DA:107,1
DA:108,47
DA:109,30
DA:110,1
DA:111,46
DA:112,30
DA:113,1
DA:114,44
DA:115,7
DA:116,1
DA:117,0
DA:118,0
DA:119,0
DA:120,0
DA:121,0
DA:122,1
DA:123,0
DA:124,0
DA:125,0
DA:126,0
DA:127,0
DA:128,0
DA:129,1
DA:130,7
DA:131,0
DA:132,9
DA:133,9
DA:134,0
DA:135,9
DA:136,0
DA:137,0
DA:138,0
DA:139,7
DA:140,1
DA:141,7
DA:142,0
DA:143,28
DA:144,28
DA:145,28
DA:146,1
DA:147,51
DA:148,28
DA:149,1
DA:150,53
DA:151,53
DA:152,53
DA:153,53
DA:154,53
DA:155,1
DA:156,0
DA:157,0
DA:158,0
DA:159,1
DA:160,36
DA:161,36
DA:162,0
DA:163,0
DA:164,0
DA:165,1
DA:166,45
DA:167,1
DA:168,34
DA:169,7
DA:170,1
DA:171,7
DA:172,0
DA:173,23
DA:174,23
DA:175,23
DA:176,23
DA:177,7
DA:178,1
DA:179,7
DA:180,0
DA:181,79
DA:182,79
DA:183,7
DA:184,1
DA:185,7
DA:186,0
DA:187,76
DA:188,7
DA:189,1
DA:190,7
DA:191,23
DA:192,23
DA:193,1
DA:194,23
DA:195,93
DA:196,93
DA:197,1
DA:198,93
DA:199,100
DA:200,100
DA:201,100
DA:202,1
DA:203,93
DA:204,103
DA:205,103
DA:206,103
DA:207,1
DA:208,93
DA:209,97
DA:210,97
DA:211,97
DA:212,1
DA:213,0
DA:214,0
DA:215,0
DA:216,0
DA:217,1
DA:218,142
DA:219,93
DA:220,121
DA:221,121
DA:222,0
DA:223,0
DA:224,0
DA:225,0
DA:226,0
DA:227,0
DA:228,0
DA:229,121
DA:230,121
DA:231,123
DA:232,123
DA:233,123
DA:234,123
DA:235,121
DA:236,121
DA:237,93
DA:238,104
DA:239,104
DA:240,104
DA:241,104
DA:242,104
DA:243,104
DA:244,107
DA:245,107
DA:246,104
DA:247,0
DA:248,0
DA:249,0
DA:250,0
DA:251,0
DA:252,0
DA:253,93
DA:254,95
DA:255,0
DA:256,0
DA:257,0
DA:258,95
DA:259,93
DA:260,99
DA:261,0
DA:262,0
DA:263,0
DA:264,99
DA:265,93
DA:266,95
DA:267,0
DA:268,0
DA:269,0
DA:270,95
DA:271,0
DA:272,0
DA:273,93
DA:274,93
DA:275,1
DA:276,23
DA:277,23
DA:278,23
DA:279,23
DA:280,23
DA:281,7
DA:282,7
DA:283,1
LH:226
LF:283
end_of_record
SF:/Users/leoniddomahalskyy/Desktop/new_metropol/tests/utils/testHelpers.js
FN:7,TestDatabase
FN:14,setupSchema
FN:50,seedData
FN:72,close
FN:76,query
FN:86,safeQuery
FN:90,safeQueryEntries
FN:99,internalQuery
FN:103,internalQueryEntries
FN:107,transaction
FN:119,get lastInsertId
FN:124,createTestApp
FN:130,createMockContext
FN:135,body
FN:142,redirect
FN:150,get
FN:151,set
FN:162,createFormData
FN:172,formDataMap.get
FN:184,createURLSearchParams
FN:243,sleep
FNDA:49,TestDatabase
FNDA:49,setupSchema
FNDA:45,seedData
FNDA:49,close
FNDA:4195,query
FNDA:4195,safeQuery
FNDA:1197,safeQueryEntries
FNDA:0,internalQuery
FNDA:2,internalQueryEntries
FNDA:2161,transaction
FNDA:1030,get lastInsertId
FNDA:0,createTestApp
FNDA:29,createMockContext
FNDA:11,body
FNDA:15,redirect
FNDA:1,get
FNDA:0,set
FNDA:7,createFormData
FNDA:35,formDataMap.get
FNDA:0,createURLSearchParams
FNDA:0,sleep
FNF:21
FNH:16
BRDA:79,5,0,0
BRDA:93,7,0,0
BRDA:113,10,0,0
BRDA:133,13,0,28
BRDA:134,13,1,14
BRDA:147,13,2,22
BRDA:135,14,0,0
BRDA:150,16,0,0
BRDA:166,18,0,42
BRDA:174,19,0,26
BRDA:174,19,1,9
BRF:11
BRH:6
DA:1,1
DA:2,6
DA:3,6
DA:4,6
DA:5,1
DA:6,6
DA:7,6
DA:8,55
DA:9,55
DA:10,55
DA:11,55
DA:12,55
DA:13,1
DA:14,6
DA:15,55
DA:16,55
DA:17,55
DA:18,55
DA:19,55
DA:20,55
DA:21,55
DA:22,55
DA:23,55
DA:24,55
DA:25,55
DA:26,55
DA:27,55
DA:28,1
DA:29,55
DA:30,55
DA:31,55
DA:32,55
DA:33,55
DA:34,55
DA:35,55
DA:36,55
DA:37,55
DA:38,55
DA:39,1
DA:40,55
DA:41,55
DA:42,55
DA:43,55
DA:44,55
DA:45,55
DA:46,55
DA:47,55
DA:48,55
DA:49,1
DA:50,6
DA:51,51
DA:52,51
DA:53,51
DA:54,51
DA:55,51
DA:56,1
DA:57,51
DA:58,51
DA:59,51
DA:60,51
DA:61,51
DA:62,1
DA:63,51
DA:64,51
DA:65,51
DA:66,51
DA:67,51
DA:68,51
DA:69,51
DA:70,51
DA:71,1
DA:72,6
DA:73,55
DA:74,55
DA:75,1
DA:76,6
DA:77,4201
DA:78,4201
DA:79,0
DA:80,0
DA:81,0
DA:82,0
DA:83,4201
DA:84,1
DA:85,6
DA:86,6
DA:87,4201
DA:88,4201
DA:89,1
DA:90,6
DA:91,1203
DA:92,1203
DA:93,0
DA:94,0
DA:95,0
DA:96,0
DA:97,1203
DA:98,1
DA:99,0
DA:100,0
DA:101,0
DA:102,1
DA:103,6
DA:104,8
DA:105,8
DA:106,1
DA:107,6
DA:108,2167
DA:109,2167
DA:110,2167
DA:111,2167
DA:112,2167
DA:113,0
DA:114,0
DA:115,0
DA:116,0
DA:117,2167
DA:118,1
DA:119,6
DA:120,1036
DA:121,1036
DA:122,6
DA:123,1
DA:124,0
DA:125,0
DA:126,0
DA:127,0
DA:128,0
DA:129,1
DA:130,6
DA:131,35
DA:132,35
DA:133,35
DA:134,35
DA:135,0
DA:136,35
DA:137,35
DA:138,35
DA:139,35
DA:140,35
DA:141,35
DA:142,35
DA:143,50
DA:144,50
DA:145,35
DA:146,35
DA:147,35
DA:148,35
DA:149,35
DA:150,0
DA:151,0
DA:152,0
DA:153,0
DA:154,0
DA:155,0
DA:156,35
DA:157,35
DA:158,35
DA:159,35
DA:160,35
DA:161,1
DA:162,6
DA:163,13
DA:164,13
DA:165,1
DA:166,13
DA:167,55
DA:168,55
DA:169,1
DA:170,13
DA:171,13
DA:172,13
DA:173,48
DA:174,48
DA:175,13
DA:176,1
DA:177,13
DA:178,13
DA:179,13
DA:180,13
DA:181,13
DA:182,1
DA:183,1
DA:184,0
DA:185,0
DA:186,1
DA:187,0
DA:188,0
DA:189,0
DA:190,0
DA:191,0
DA:192,1
DA:193,0
DA:194,0
DA:195,1
DA:196,6
DA:197,6
DA:198,6
DA:199,6
DA:200,6
DA:201,6
DA:202,6
DA:203,6
DA:204,6
DA:205,6
DA:206,6
DA:207,6
DA:208,6
DA:209,6
DA:210,6
DA:211,6
DA:212,6
DA:213,6
DA:214,6
DA:215,6
DA:216,6
DA:217,6
DA:218,6
DA:219,6
DA:220,6
DA:221,6
DA:222,6
DA:223,6
DA:224,6
DA:225,1
DA:226,6
DA:227,6
DA:228,6
DA:229,6
DA:230,6
DA:231,6
DA:232,6
DA:233,6
DA:234,6
DA:235,6
DA:236,6
DA:237,6
DA:238,6
DA:239,6
DA:240,6
DA:241,6
DA:242,1
DA:243,0
DA:244,0
DA:245,0
DA:246,1
LH:207
LF:246
end_of_record
